<?xml version="1.0" encoding="UTF-8" standalone="no"?>
<window xmlns="http://jmix.io/schema/ui/window"
        xmlns:c="http://jmix.io/schema/ui/jpql-condition"
        caption="msg://testBrowse.caption"
        focusComponent="testsTable">
    <data readOnly="true">
        <collection id="testsDc"
                    class="ru.company.personneleducationsystem.entity.Test">
            <fetchPlan extends="_base">
                <property name="course" fetchPlan="_base"/>
                <property name="material" fetchPlan="_base"/>
            </fetchPlan>
            <loader id="testsDl">
                <query>
                    <![CDATA[select e from Test e]]>
                </query>
            </loader>
        </collection>
    </data>
    <facets>
        <dataLoadCoordinator auto="true"/>
        <screenSettings id="settingsFacet" auto="true"/>
    </facets>
    <actions>
        <action id="lookupSelectAction"
                caption="msg:///actions.Select"
                icon="LOOKUP_OK"
                primary="true"
                shortcut="${COMMIT_SHORTCUT}"/>
        <action id="lookupCancelAction"
                caption="msg:///actions.Cancel"
                icon="LOOKUP_CANCEL"/>
    </actions>
    <dialogMode height="600"
                width="800"/>
    <layout expand="testsTable" spacing="true">
        <filter id="filter"
                dataLoader="testsDl">
            <properties include=".*"/>
        </filter>
        <groupTable id="testsTable"
                    width="100%"
                    dataContainer="testsDc">
            <actions>
                <action id="create" type="create"/>
                <action id="edit" type="edit"/>
                <action id="remove" type="remove"/>
            </actions>
            <columns>
                <column id="course"/>
                <column id="contect"/>
            </columns>
            <simplePagination/>
            <buttonsPanel id="buttonsPanel"
                          alwaysVisible="true">
                <button id="createBtn" action="testsTable.create"/>
                <button id="editBtn" action="testsTable.edit"/>
                <button id="removeBtn" action="testsTable.remove"/>
            </buttonsPanel>
        </groupTable>
        <hbox id="lookupActions" spacing="true" visible="false">
            <button action="lookupSelectAction"/>
            <button action="lookupCancelAction"/>
        </hbox>
    </layout>
</window>
